2022-02-14 15:01:29 INFO::Writing function arguments to log file
2022-02-14 15:01:29 DEBUG::Function arguments
2022-02-14 15:01:29 DEBUG::Output folder: maaslin2_out/ASV_relab_v1_sample_type
2022-02-14 15:01:29 DEBUG::Min Abundance: 0.000000
2022-02-14 15:01:29 DEBUG::Min Prevalence: 0.100000
2022-02-14 15:01:29 DEBUG::Normalization: NONE
2022-02-14 15:01:29 DEBUG::Transform: NONE
2022-02-14 15:01:29 DEBUG::Analysis method: LM
2022-02-14 15:01:29 DEBUG::Max significance: 0.250000
2022-02-14 15:01:29 DEBUG::Random effects: Fish.ID,Sampling.Date
2022-02-14 15:01:29 DEBUG::Fixed effects: Sample.type
2022-02-14 15:01:29 DEBUG::Correction method: BH
2022-02-14 15:01:29 DEBUG::Standardize: TRUE
2022-02-14 15:01:29 DEBUG::Cores: 1
2022-02-14 15:01:29 INFO::Verifying options selected are valid
2022-02-14 15:01:29 INFO::Determining format of input files
2022-02-14 15:01:29 INFO::Input format is data samples as rows and metadata samples as rows
2022-02-14 15:01:29 DEBUG::A total of 51 samples were found in both the data and metadata
2022-02-14 15:01:29 DEBUG::Reordering data/metadata to use same sample ordering
2022-02-14 15:01:29 INFO::Formula for random effects: expr ~ (1 | Fish.ID) + (1 | Sampling.Date)
2022-02-14 15:01:29 INFO::Formula for fixed effects: expr ~  Sample.type
2022-02-14 15:01:29 INFO::Filter data based on min abundance and min prevalence
2022-02-14 15:01:29 INFO::Total samples in data: 51
2022-02-14 15:01:29 INFO::Min samples required with min abundance for a feature not to be filtered: 5.100000
2022-02-14 15:01:29 INFO::Total filtered features: 89
2022-02-14 15:01:29 INFO::Filtered feature names from abundance and prevalence filtering: seq24, seq34, seq35, seq38, seq42, seq44, seq48, seq49, seq51, seq52, seq53, seq54, seq55, seq56, seq57, seq58, seq60, seq61, seq66, seq69, seq70, seq71, seq74, seq75, seq77, seq79, seq81, seq82, seq83, seq84, seq85, seq86, seq87, seq89, seq91, seq94, seq96, seq98, seq101, seq102, seq103, seq105, seq114, seq117, seq121, seq124, seq127, seq128, seq129, seq131, seq136, seq139, seq142, seq155, seq156, seq160, seq167, seq170, seq177, seq182, seq186, seq196, seq199, seq213, seq223, seq224, seq229, seq230, seq240, seq248, seq289, seq292, seq315, seq327, seq340, seq342, seq352, seq361, seq363, seq370, seq402, seq429, seq445, seq461, seq490, seq520, seq528, seq565, seq817
2022-02-14 15:01:29 INFO::Total filtered features with variance filtering: 0
2022-02-14 15:01:29 INFO::Filtered feature names from variance filtering:
2022-02-14 15:01:29 INFO::Running selected normalization method: NONE
2022-02-14 15:01:29 INFO::Applying z-score to standardize continuous metadata
2022-02-14 15:01:29 INFO::Running selected transform method: NONE
2022-02-14 15:01:29 INFO::Running selected analysis method: LM
2022-02-14 15:01:29 INFO::Fitting model to feature number 1, seq1
2022-02-14 15:01:29 INFO::Fitting model to feature number 2, seq2
2022-02-14 15:01:29 INFO::Fitting model to feature number 3, seq3
2022-02-14 15:01:29 INFO::Fitting model to feature number 4, seq5
2022-02-14 15:01:29 INFO::Fitting model to feature number 5, seq6
2022-02-14 15:01:29 INFO::Fitting model to feature number 6, seq7
2022-02-14 15:01:29 INFO::Fitting model to feature number 7, seq8
2022-02-14 15:01:29 INFO::Fitting model to feature number 8, seq9
2022-02-14 15:01:29 INFO::Fitting model to feature number 9, seq10
2022-02-14 15:01:29 INFO::Fitting model to feature number 10, seq14
2022-02-14 15:01:29 INFO::Fitting model to feature number 11, seq15
2022-02-14 15:01:29 INFO::Fitting model to feature number 12, seq16
2022-02-14 15:01:30 INFO::Fitting model to feature number 13, seq18
2022-02-14 15:01:30 INFO::Fitting model to feature number 14, seq19
2022-02-14 15:01:30 INFO::Fitting model to feature number 15, seq20
2022-02-14 15:01:30 INFO::Fitting model to feature number 16, seq21
2022-02-14 15:01:30 INFO::Fitting model to feature number 17, seq23
2022-02-14 15:01:30 INFO::Fitting model to feature number 18, seq25
2022-02-14 15:01:30 INFO::Fitting model to feature number 19, seq26
2022-02-14 15:01:30 INFO::Fitting model to feature number 20, seq29
2022-02-14 15:01:30 INFO::Fitting model to feature number 21, seq32
2022-02-14 15:01:30 INFO::Fitting model to feature number 22, seq36
2022-02-14 15:01:30 INFO::Fitting model to feature number 23, seq40
2022-02-14 15:01:30 INFO::Fitting model to feature number 24, seq41
2022-02-14 15:01:30 INFO::Fitting model to feature number 25, seq43
2022-02-14 15:01:31 INFO::Fitting model to feature number 26, seq64
2022-02-14 15:01:31 INFO::Fitting model to feature number 27, seq73
2022-02-14 15:01:31 INFO::Counting total values for each feature
2022-02-14 15:01:31 INFO::Writing residuals to file maaslin2_out/ASV_relab_v1_sample_type/residuals.rds
2022-02-14 15:01:31 INFO::Writing fitted values to file maaslin2_out/ASV_relab_v1_sample_type/fitted.rds
2022-02-14 15:01:31 INFO::Writing extracted random effects to file maaslin2_out/ASV_relab_v1_sample_type/ranef.rds
2022-02-14 15:01:31 INFO::Writing all results to file (ordered by increasing q-values): maaslin2_out/ASV_relab_v1_sample_type/all_results.tsv
2022-02-14 15:01:31 INFO::Writing the significant results (those which are less than or equal to the threshold of 0.250000 ) to file (ordered by increasing q-values): maaslin2_out/ASV_relab_v1_sample_type/significant_results.tsv
2022-02-14 15:01:31 INFO::Writing heatmap of significant results to file: maaslin2_out/ASV_relab_v1_sample_type/heatmap.pdf
2022-02-14 15:01:31 INFO::Writing association plots (one for each significant association) to output folder: maaslin2_out/ASV_relab_v1_sample_type
2022-02-14 15:01:31 INFO::Plotting associations from most to least significant, grouped by metadata
2022-02-14 15:01:31 INFO::Plotting data for metadata number 1, Sample.type
2022-02-14 15:01:31 INFO::Creating boxplot for categorical data, Sample.type vs seq1
2022-02-14 15:01:31 INFO::Creating boxplot for categorical data, Sample.type vs seq2
2022-02-14 15:01:31 INFO::Creating boxplot for categorical data, Sample.type vs seq3
2022-02-14 15:01:31 INFO::Creating boxplot for categorical data, Sample.type vs seq6
2022-02-14 15:01:31 INFO::Creating boxplot for categorical data, Sample.type vs seq7
2022-02-14 15:01:32 INFO::Creating boxplot for categorical data, Sample.type vs seq5
2022-02-14 15:01:32 INFO::Creating boxplot for categorical data, Sample.type vs seq18
2022-02-14 15:01:32 INFO::Creating boxplot for categorical data, Sample.type vs seq21
2022-02-14 15:01:32 INFO::Creating boxplot for categorical data, Sample.type vs seq23
2022-02-14 15:01:32 INFO::Creating boxplot for categorical data, Sample.type vs seq40
2022-02-14 15:01:32 INFO::Creating boxplot for categorical data, Sample.type vs seq20
2022-02-14 15:01:32 INFO::Creating boxplot for categorical data, Sample.type vs seq2
2022-02-14 15:01:32 INFO::Creating boxplot for categorical data, Sample.type vs seq9
2022-02-14 15:01:33 INFO::Creating boxplot for categorical data, Sample.type vs seq16
2022-02-14 15:01:33 INFO::Creating boxplot for categorical data, Sample.type vs seq1
2022-02-14 15:01:33 INFO::Creating boxplot for categorical data, Sample.type vs seq3
2022-02-14 15:01:33 INFO::Creating boxplot for categorical data, Sample.type vs seq19
2022-02-14 15:01:33 INFO::Creating boxplot for categorical data, Sample.type vs seq26
2022-02-14 15:01:33 INFO::Creating boxplot for categorical data, Sample.type vs seq6
2022-02-14 15:01:33 INFO::Creating boxplot for categorical data, Sample.type vs seq20
2022-02-14 15:01:33 INFO::Creating boxplot for categorical data, Sample.type vs seq29
2022-02-14 15:01:34 INFO::Creating boxplot for categorical data, Sample.type vs seq8
2022-02-14 15:01:34 INFO::Creating boxplot for categorical data, Sample.type vs seq8
2022-02-14 15:01:34 INFO::Creating boxplot for categorical data, Sample.type vs seq10
2022-02-14 15:01:34 INFO::Creating boxplot for categorical data, Sample.type vs seq15
2022-02-14 15:01:34 INFO::Creating boxplot for categorical data, Sample.type vs seq43
2022-02-14 15:01:34 INFO::Creating boxplot for categorical data, Sample.type vs seq16
2022-02-14 15:01:34 INFO::Creating boxplot for categorical data, Sample.type vs seq43
2022-02-14 15:01:34 INFO::Creating boxplot for categorical data, Sample.type vs seq36
2022-02-14 15:01:34 INFO::Creating boxplot for categorical data, Sample.type vs seq32
2022-02-14 15:01:35 INFO::Creating boxplot for categorical data, Sample.type vs seq41
2022-02-14 15:01:35 INFO::Creating boxplot for categorical data, Sample.type vs seq19
2022-02-14 15:01:35 INFO::Creating boxplot for categorical data, Sample.type vs seq25
