2021-07-08 15:04:26 INFO::Writing function arguments to log file
2021-07-08 15:04:26 DEBUG::Function arguments
2021-07-08 15:04:26 DEBUG::Output folder: maaslin2_out/GEN_relab_v2_gut_cestode_present
2021-07-08 15:04:26 DEBUG::Min Abundance: 0.000000
2021-07-08 15:04:26 DEBUG::Min Prevalence: 0.100000
2021-07-08 15:04:26 DEBUG::Normalization: NONE
2021-07-08 15:04:26 DEBUG::Transform: NONE
2021-07-08 15:04:26 DEBUG::Analysis method: LM
2021-07-08 15:04:26 DEBUG::Max significance: 0.250000
2021-07-08 15:04:26 DEBUG::Random effects: Sampling.Date
2021-07-08 15:04:26 DEBUG::Fixed effects: Cestode.present,Feed.Type,Sex,Size.class
2021-07-08 15:04:26 DEBUG::Correction method: BH
2021-07-08 15:04:26 DEBUG::Standardize: TRUE
2021-07-08 15:04:26 DEBUG::Cores: 1
2021-07-08 15:04:26 INFO::Verifying options selected are valid
2021-07-08 15:04:26 INFO::Determining format of input files
2021-07-08 15:04:26 INFO::Input format is data samples as rows and metadata samples as rows
2021-07-08 15:04:26 DEBUG::A total of 30 samples were found in both the data and metadata
2021-07-08 15:04:26 DEBUG::Reordering data/metadata to use same sample ordering
2021-07-08 15:04:26 INFO::Formula for random effects: expr ~ (1 | Sampling.Date)
2021-07-08 15:04:26 INFO::Formula for fixed effects: expr ~  Cestode.present + Feed.Type + Sex + Size.class
2021-07-08 15:04:26 INFO::Running selected normalization method: NONE
2021-07-08 15:04:26 INFO::Filter data based on min abundance and min prevalence
2021-07-08 15:04:26 INFO::Total samples in data: 30
2021-07-08 15:04:26 INFO::Min samples required with min abundance for a feature not to be filtered: 3.000000
2021-07-08 15:04:26 INFO::Total filtered features: 24
2021-07-08 15:04:26 INFO::Filtered feature names: Mycoplasmataceae_sp, Ureaplasma, Psychromonas, Enhydrobacter, Lawsonella, Lactococcus, Anaerococcus, Jeotgalicoccus, Psychrobacter, Bradyrhizobium, Sphingobium, Tateyamaria, Geobacillus, Staphylococcus, Corynebacterium, Pantoea, Peptostreptococcus, Prevotella, Acidovorax, Rhodococcus, Weissella, Caproiciproducens, Tepidimicrobium, Pseudoalteromonas
2021-07-08 15:04:26 INFO::Applying z-score to standardize continuous metadata
2021-07-08 15:04:26 INFO::Running selected transform method: NONE
2021-07-08 15:04:26 INFO::Running selected analysis method: LM
2021-07-08 15:04:26 INFO::Fitting model to feature number 1, Mycoplasma
2021-07-08 15:04:26 INFO::Fitting model to feature number 2, Carnobacterium
2021-07-08 15:04:26 INFO::Fitting model to feature number 3, Photobacterium
2021-07-08 15:04:26 INFO::Fitting model to feature number 4, Aliivibrio
2021-07-08 15:04:26 INFO::Fitting model to feature number 5, Lactobacillus
2021-07-08 15:04:26 INFO::Fitting model to feature number 6, Brevinema
2021-07-08 15:04:26 INFO::Fitting model to feature number 7, Streptococcus
2021-07-08 15:04:26 INFO::Counting total values for each feature
2021-07-08 15:04:26 INFO::Writing residuals to file maaslin2_out/GEN_relab_v2_gut_cestode_present/residuals.rds
2021-07-08 15:04:26 INFO::Writing all results to file (ordered by increasing q-values): maaslin2_out/GEN_relab_v2_gut_cestode_present/all_results.tsv
2021-07-08 15:04:26 INFO::Writing the significant results (those which are less than or equal to the threshold of 0.250000 ) to file (ordered by increasing q-values): maaslin2_out/GEN_relab_v2_gut_cestode_present/significant_results.tsv
2021-07-08 15:04:26 INFO::Writing heatmap of significant results to file: maaslin2_out/GEN_relab_v2_gut_cestode_present/heatmap.pdf
2021-07-08 15:04:26 INFO::Writing association plots (one for each significant association) to output folder: maaslin2_out/GEN_relab_v2_gut_cestode_present
2021-07-08 15:04:26 INFO::Plotting associations from most to least significant, grouped by metadata
2021-07-08 15:04:26 INFO::Plotting data for metadata number 1, Cestode.present
2021-07-08 15:04:26 INFO::Creating boxplot for categorical data, Cestode.present vs Mycoplasma
2021-07-08 15:04:26 INFO::Creating boxplot for categorical data, Cestode.present vs Brevinema
2021-07-08 15:04:27 INFO::Plotting data for metadata number 2, Sex
2021-07-08 15:04:27 INFO::Creating boxplot for categorical data, Sex vs Mycoplasma
2021-07-08 15:04:27 INFO::Plotting data for metadata number 3, Size.class
2021-07-08 15:04:27 INFO::Creating boxplot for categorical data, Size.class vs Brevinema
